[32m[INFO]    ::[0m Logging to /users/arikhind/subphot_pipe/ZTF24aapvieu_log_t/sedm_comps2_log.log
---------------------------------------------------------------------------------------------
---------------------------------------------------------------------------------------------
[32m[INFO]    ::[0m For SDSS-G, there are 0 fits
[33m[WARNING] ::[0m No fits files found in filter: SDSS-G
---------------------------------------------------------------------------------------------
[32m[INFO]    ::[0m For SDSS-R, there are 0 fits
[33m[WARNING] ::[0m No fits files found in filter: SDSS-R
---------------------------------------------------------------------------------------------
[32m[INFO]    ::[0m For SDSS-I, there are 0 fits
[33m[WARNING] ::[0m No fits files found in filter: SDSS-I
---------------------------------------------------------------------------------------------
[32m[INFO]    ::[0m For SDSS-Z, there are 0 fits
[33m[WARNING] ::[0m No fits files found in filter: SDSS-Z
---------------------------------------------------------------------------------------------
[32m[INFO]    ::[0m For SDSS-U, there are 0 fits
[33m[WARNING] ::[0m No fits files found in filter: SDSS-U
---------------------------------------------------------------------------------------------
[32m[INFO]    ::[0m For Bessell-V, there are 0 fits
[33m[WARNING] ::[0m No fits files found in filter: Bessell-V
---------------------------------------------------------------------------------------------
[32m[INFO]    ::[0m For Bessell-R, there are 0 fits
[33m[WARNING] ::[0m No fits files found in filter: Bessell-R
---------------------------------------------------------------------------------------------
[32m[INFO]    ::[0m For Bessell-I, there are 0 fits
[33m[WARNING] ::[0m No fits files found in filter: Bessell-I
---------------------------------------------------------------------------------------------
[32m[INFO]    ::[0m For Bessell-B, there are 0 fits
[33m[WARNING] ::[0m No fits files found in filter: Bessell-B
---------------------------------------------------------------------------------------------
[32m[INFO]    ::[0m Completed photometry on ZTF24aapvieu in g,r,i,z,u in 0.0 seconds 
---------------------------------------------------------------------------------------------
[32m[INFO]    ::[0m Logging to /users/arikhind/subphot_pipe/ZTF24aapvieu_log_t/sedm_comps2_log.log
---------------------------------------------------------------------------------------------
---------------------------------------------------------------------------------------------
[32m[INFO]    ::[0m For SDSS-G, there are 0 fits
[33m[WARNING] ::[0m No fits files found in filter: SDSS-G
---------------------------------------------------------------------------------------------
[32m[INFO]    ::[0m For SDSS-R, there are 0 fits
[33m[WARNING] ::[0m No fits files found in filter: SDSS-R
---------------------------------------------------------------------------------------------
[32m[INFO]    ::[0m For SDSS-I, there are 0 fits
[33m[WARNING] ::[0m No fits files found in filter: SDSS-I
---------------------------------------------------------------------------------------------
[32m[INFO]    ::[0m For SDSS-Z, there are 0 fits
[33m[WARNING] ::[0m No fits files found in filter: SDSS-Z
---------------------------------------------------------------------------------------------
[32m[INFO]    ::[0m For SDSS-U, there are 0 fits
[33m[WARNING] ::[0m No fits files found in filter: SDSS-U
---------------------------------------------------------------------------------------------
[32m[INFO]    ::[0m For Bessell-V, there are 0 fits
[33m[WARNING] ::[0m No fits files found in filter: Bessell-V
---------------------------------------------------------------------------------------------
[32m[INFO]    ::[0m For Bessell-R, there are 0 fits
[33m[WARNING] ::[0m No fits files found in filter: Bessell-R
---------------------------------------------------------------------------------------------
[32m[INFO]    ::[0m For Bessell-I, there are 0 fits
[33m[WARNING] ::[0m No fits files found in filter: Bessell-I
---------------------------------------------------------------------------------------------
[32m[INFO]    ::[0m For Bessell-B, there are 0 fits
[33m[WARNING] ::[0m No fits files found in filter: Bessell-B
---------------------------------------------------------------------------------------------
[32m[INFO]    ::[0m Completed photometry on ZTF24aapvieu in g,r,i,z,u in 0.0 seconds 
---------------------------------------------------------------------------------------------
